<?xml version="1.0" encoding="UTF-8"?>
<!-- Generated by org.testng.reporters.JUnitReportReporter -->
<testsuite hostname="hfthink-PC" name="login.Login" tests="1" failures="0" timestamp="6 Dec 2017 06:39:29 GMT" time="0.045" errors="0">
  <testcase name="login" time="0.045" classname="login.Login"/>
</testsuite> <!-- login.Login -->
